# JRE version: Java(TM) SE Runtime Environment (8.0_161-b12) (build 1.8.0_161-b12)
# Java VM: Java HotSpot(TM) 64-Bit Server VM (25.161-b12 mixed mode windows-amd64 compressed oops)
Heap:
 PSYoungGen      total 493568K, used 382556K [0x00000000d5f00000, 0x00000000fd200000, 0x0000000100000000)
  eden space 376832K, 96% used [0x00000000d5f00000,0x00000000ec072c98,0x00000000ecf00000)
  from space 116736K, 17% used [0x00000000f4980000,0x00000000f5da4388,0x00000000fbb80000)
  to   space 125440K, 0% used [0x00000000ecf00000,0x00000000ecf00000,0x00000000f4980000)
 ParOldGen       total 387072K, used 217231K [0x0000000081c00000, 0x0000000099600000, 0x00000000d5f00000)
  object space 387072K, 56% used [0x0000000081c00000,0x000000008f023ce8,0x0000000099600000)
 Metaspace       used 24652K, capacity 25078K, committed 25216K, reserved 1071104K
  class space    used 2687K, capacity 2836K, committed 2944K, reserved 1048576K
GC Heap History (10 events):
Event: 16.542 GC heap before
{Heap before GC invocations=9 (full 2):
 PSYoungGen      total 262656K, used 32240K [0x00000000d5f00000, 0x00000000f1e80000, 0x0000000100000000)
  eden space 230400K, 0% used [0x00000000d5f00000,0x00000000d5f00000,0x00000000e4000000)
  from space 32256K, 99% used [0x00000000e4000000,0x00000000e5f7c2e8,0x00000000e5f80000)
  to   space 62464K, 0% used [0x00000000ee180000,0x00000000ee180000,0x00000000f1e80000)
 ParOldGen       total 95744K, used 93344K [0x0000000081c00000, 0x0000000087980000, 0x00000000d5f00000)
  object space 95744K, 97% used [0x0000000081c00000,0x0000000087728398,0x0000000087980000)
 Metaspace       used 21364K, capacity 21800K, committed 22064K, reserved 1069056K
  class space    used 2496K, capacity 2642K, committed 2688K, reserved 1048576K
Event: 17.071 GC heap after
Heap after GC invocations=9 (full 2):
 PSYoungGen      total 262656K, used 23127K [0x00000000d5f00000, 0x00000000f1e80000, 0x0000000100000000)
  eden space 230400K, 0% used [0x00000000d5f00000,0x00000000d5f00000,0x00000000e4000000)
  from space 32256K, 71% used [0x00000000e4000000,0x00000000e5695e00,0x00000000e5f80000)
  to   space 62464K, 0% used [0x00000000ee180000,0x00000000ee180000,0x00000000f1e80000)
 ParOldGen       total 217600K, used 95409K [0x0000000081c00000, 0x000000008f080000, 0x00000000d5f00000)
  object space 217600K, 43% used [0x0000000081c00000,0x000000008792c7a8,0x000000008f080000)
 Metaspace       used 21364K, capacity 21800K, committed 22064K, reserved 1069056K
  class space    used 2496K, capacity 2642K, committed 2688K, reserved 1048576K
}
Event: 20.984 GC heap before
{Heap before GC invocations=10 (full 2):
 PSYoungGen      total 262656K, used 253527K [0x00000000d5f00000, 0x00000000f1e80000, 0x0000000100000000)
  eden space 230400K, 100% used [0x00000000d5f00000,0x00000000e4000000,0x00000000e4000000)
  from space 32256K, 71% used [0x00000000e4000000,0x00000000e5695e00,0x00000000e5f80000)
  to   space 62464K, 0% used [0x00000000ee180000,0x00000000ee180000,0x00000000f1e80000)
 ParOldGen       total 217600K, used 95409K [0x0000000081c00000, 0x000000008f080000, 0x00000000d5f00000)
  object space 217600K, 43% used [0x0000000081c00000,0x000000008792c7a8,0x000000008f080000)
 Metaspace       used 22087K, capacity 22504K, committed 22832K, reserved 1069056K
  class space    used 2524K, capacity 2642K, committed 2688K, reserved 1048576K
Event: 21.147 GC heap after
Heap after GC invocations=10 (full 2):
 PSYoungGen      total 372736K, used 62455K [0x00000000d5f00000, 0x00000000f3200000, 0x0000000100000000)
  eden space 310272K, 0% used [0x00000000d5f00000,0x00000000d5f00000,0x00000000e8e00000)
  from space 62464K, 99% used [0x00000000ee180000,0x00000000f1e7dfe8,0x00000000f1e80000)
  to   space 83968K, 0% used [0x00000000e8e00000,0x00000000e8e00000,0x00000000ee000000)
 ParOldGen       total 217600K, used 116171K [0x0000000081c00000, 0x000000008f080000, 0x00000000d5f00000)
  object space 217600K, 53% used [0x0000000081c00000,0x0000000088d72f30,0x000000008f080000)
 Metaspace       used 22087K, capacity 22504K, committed 22832K, reserved 1069056K
  class space    used 2524K, capacity 2642K, committed 2688K, reserved 1048576K
}
Event: 27.033 GC heap before
{Heap before GC invocations=11 (full 2):
 PSYoungGen      total 372736K, used 372727K [0x00000000d5f00000, 0x00000000f3200000, 0x0000000100000000)
  eden space 310272K, 100% used [0x00000000d5f00000,0x00000000e8e00000,0x00000000e8e00000)
  from space 62464K, 99% used [0x00000000ee180000,0x00000000f1e7dfe8,0x00000000f1e80000)
  to   space 83968K, 0% used [0x00000000e8e00000,0x00000000e8e00000,0x00000000ee000000)
 ParOldGen       total 217600K, used 116171K [0x0000000081c00000, 0x000000008f080000, 0x00000000d5f00000)
  object space 217600K, 53% used [0x0000000081c00000,0x0000000088d72f30,0x000000008f080000)
 Metaspace       used 22779K, capacity 23222K, committed 23552K, reserved 1071104K
  class space    used 2567K, capacity 2708K, committed 2816K, reserved 1048576K
Event: 27.321 GC heap after
Heap after GC invocations=11 (full 2):
 PSYoungGen      total 394240K, used 83966K [0x00000000d5f00000, 0x00000000fbb80000, 0x0000000100000000)
  eden space 310272K, 0% used [0x00000000d5f00000,0x00000000d5f00000,0x00000000e8e00000)
  from space 83968K, 99% used [0x00000000e8e00000,0x00000000edfffaa8,0x00000000ee000000)
  to   space 116736K, 0% used [0x00000000f4980000,0x00000000f4980000,0x00000000fbb80000)
 ParOldGen       total 217600K, used 158004K [0x0000000081c00000, 0x000000008f080000, 0x00000000d5f00000)
  object space 217600K, 72% used [0x0000000081c00000,0x000000008b64d0c8,0x000000008f080000)
 Metaspace       used 22779K, capacity 23222K, committed 23552K, reserved 1071104K
  class space    used 2567K, capacity 2708K, committed 2816K, reserved 1048576K
}
Event: 31.653 GC heap before
{Heap before GC invocations=12 (full 2):
 PSYoungGen      total 394240K, used 394238K [0x00000000d5f00000, 0x00000000fbb80000, 0x0000000100000000)
  eden space 310272K, 100% used [0x00000000d5f00000,0x00000000e8e00000,0x00000000e8e00000)
  from space 83968K, 99% used [0x00000000e8e00000,0x00000000edfffaa8,0x00000000ee000000)
  to   space 116736K, 0% used [0x00000000f4980000,0x00000000f4980000,0x00000000fbb80000)
 ParOldGen       total 217600K, used 158004K [0x0000000081c00000, 0x000000008f080000, 0x00000000d5f00000)
  object space 217600K, 72% used [0x0000000081c00000,0x000000008b64d0c8,0x000000008f080000)
 Metaspace       used 24035K, capacity 24470K, committed 24576K, reserved 1071104K
  class space    used 2664K, capacity 2804K, committed 2816K, reserved 1048576K
Event: 31.844 GC heap after
Heap after GC invocations=12 (full 2):
 PSYoungGen      total 493568K, used 85570K [0x00000000d5f00000, 0x00000000fd200000, 0x0000000100000000)
  eden space 376832K, 0% used [0x00000000d5f00000,0x00000000d5f00000,0x00000000ecf00000)
  from space 116736K, 73% used [0x00000000f4980000,0x00000000f9d109b8,0x00000000fbb80000)
  to   space 125440K, 0% used [0x00000000ecf00000,0x00000000ecf00000,0x00000000f4980000)
 ParOldGen       total 217600K, used 194062K [0x0000000081c00000, 0x000000008f080000, 0x00000000d5f00000)
  object space 217600K, 89% used [0x0000000081c00000,0x000000008d983b50,0x000000008f080000)
 Metaspace       used 24035K, capacity 24470K, committed 24576K, reserved 1071104K
  class space    used 2664K, capacity 2804K, committed 2816K, reserved 1048576K
}
Event: 31.844 GC heap before
{Heap before GC invocations=13 (full 3):
 PSYoungGen      total 493568K, used 85570K [0x00000000d5f00000, 0x00000000fd200000, 0x0000000100000000)
  eden space 376832K, 0% used [0x00000000d5f00000,0x00000000d5f00000,0x00000000ecf00000)
  from space 116736K, 73% used [0x00000000f4980000,0x00000000f9d109b8,0x00000000fbb80000)
  to   space 125440K, 0% used [0x00000000ecf00000,0x00000000ecf00000,0x00000000f4980000)
 ParOldGen       total 217600K, used 194062K [0x0000000081c00000, 0x000000008f080000, 0x00000000d5f00000)
  object space 217600K, 89% used [0x0000000081c00000,0x000000008d983b50,0x000000008f080000)
 Metaspace       used 24035K, capacity 24470K, committed 24576K, reserved 1071104K
  class space    used 2664K, capacity 2804K, committed 2816K, reserved 1048576K
Event: 34.129 GC heap after
Heap after GC invocations=13 (full 3):
 PSYoungGen      total 493568K, used 20624K [0x00000000d5f00000, 0x00000000fd200000, 0x0000000100000000)
  eden space 376832K, 0% used [0x00000000d5f00000,0x00000000d5f00000,0x00000000ecf00000)
  from space 116736K, 17% used [0x00000000f4980000,0x00000000f5da4388,0x00000000fbb80000)
  to   space 125440K, 0% used [0x00000000ecf00000,0x00000000ecf00000,0x00000000f4980000)
 ParOldGen       total 387072K, used 217231K [0x0000000081c00000, 0x0000000099600000, 0x00000000d5f00000)
  object space 387072K, 56% used [0x0000000081c00000,0x000000008f023ce8,0x0000000099600000)
 Metaspace       used 24035K, capacity 24470K, committed 24576K, reserved 1071104K
  class space    used 2664K, capacity 2804K, committed 2816K, reserved 1048576K
}

